<?xml version="1.0" encoding="UTF-8"?>
<testsuite xmlns:xsi="http://www.w3.org/2001/XMLSchema-instance" xsi:noNamespaceSchemaLocation="https://maven.apache.org/surefire/maven-surefire-plugin/xsd/surefire-test-report-3.0.xsd" version="3.0" name="com.example.HILLOGY_library_exam.HillogyLibraryExamApplicationTests" time="5.43" tests="1" errors="0" skipped="0" failures="0">
  <properties>
[...]
</properties>
  <testcase name="contextLoads" classname="com.example.HILLOGY_library_exam.HillogyLibraryExamApplicationTests" time="0.426">
    <system-out><![CDATA[10:02:13.428 [main] INFO org.springframework.test.context.support.AnnotationConfigContextLoaderUtils -- Could not detect default configuration classes for test class [com.example.HILLOGY_library_exam.HillogyLibraryExamApplicationTests]: HillogyLibraryExamApplicationTests does not declare any static, non-private, non-final, nested classes annotated with @Configuration.
10:02:13.557 [main] INFO org.springframework.boot.test.context.SpringBootTestContextBootstrapper -- Found @SpringBootConfiguration com.example.HILLOGY_library_exam.HillogyLibraryExamApplication for test class com.example.HILLOGY_library_exam.HillogyLibraryExamApplicationTests

  .   ____          _            __ _ _
 /\\ / ___'_ __ _ _(_)_ __  __ _ \ \ \ \
( ( )\___ | '_ | '_| | '_ \/ _` | \ \ \ \
 \\/  ___)| |_)| | | | | || (_| |  ) ) ) )
  '  |____| .__|_| |_|_| |_\__, | / / / /
 =========|_|==============|___/=/_/_/_/
 :: Spring Boot ::                (v3.1.5)

2023-11-15T10:02:13.954+01:00  WARN 9040 --- [           main] ory$DuplicateJsonObjectContextCustomizer : 

Found multiple occurrences of org.json.JSONObject on the class path:

	jar:file:/home/ivan/.m2/repository/com/vaadin/external/google/android-json/0.0.20131108.vaadin1/android-json-0.0.20131108.vaadin1.jar!/org/json/JSONObject.class
	jar:file:/home/ivan/.m2/repository/org/json/json/20231013/json-20231013.jar!/org/json/JSONObject.class

You may wish to exclude one of them to ensure predictable runtime behavior

2023-11-15T10:02:13.976+01:00  INFO 9040 --- [           main] c.e.H.HillogyLibraryExamApplicationTests : Starting HillogyLibraryExamApplicationTests using Java 17.0.6 with PID 9040 (started by ivan in /home/ivan/Documents/curro/procesos_seleccion/HILLOGY_library_exam)
2023-11-15T10:02:13.978+01:00  INFO 9040 --- [           main] c.e.H.HillogyLibraryExamApplicationTests : No active profile set, falling back to 1 default profile: "default"
2023-11-15T10:02:14.869+01:00  INFO 9040 --- [           main] .s.d.r.c.RepositoryConfigurationDelegate : Bootstrapping Spring Data JPA repositories in DEFAULT mode.
2023-11-15T10:02:15.064+01:00  INFO 9040 --- [           main] .s.d.r.c.RepositoryConfigurationDelegate : Finished Spring Data repository scanning in 185 ms. Found 2 JPA repository interfaces.
2023-11-15T10:02:15.504+01:00  INFO 9040 --- [           main] com.zaxxer.hikari.HikariDataSource       : HikariPool-1 - Starting...
2023-11-15T10:02:15.711+01:00  INFO 9040 --- [           main] com.zaxxer.hikari.pool.HikariPool        : HikariPool-1 - Added connection conn0: url=jdbc:h2:mem:mydb user=
2023-11-15T10:02:15.712+01:00  INFO 9040 --- [           main] com.zaxxer.hikari.HikariDataSource       : HikariPool-1 - Start completed.
2023-11-15T10:02:15.759+01:00  INFO 9040 --- [           main] o.hibernate.jpa.internal.util.LogHelper  : HHH000204: Processing PersistenceUnitInfo [name: default]
2023-11-15T10:02:15.808+01:00  INFO 9040 --- [           main] org.hibernate.Version                    : HHH000412: Hibernate ORM core version 6.2.13.Final
2023-11-15T10:02:15.811+01:00  INFO 9040 --- [           main] org.hibernate.cfg.Environment            : HHH000406: Using bytecode reflection optimizer
2023-11-15T10:02:16.208+01:00  INFO 9040 --- [           main] o.s.o.j.p.SpringPersistenceUnitInfo      : No LoadTimeWeaver setup: ignoring JPA class transformer
2023-11-15T10:02:16.891+01:00  INFO 9040 --- [           main] o.h.e.t.j.p.i.JtaPlatformInitiator       : HHH000489: No JTA platform available (set 'hibernate.transaction.jta.platform' to enable JTA platform integration)
2023-11-15T10:02:16.920+01:00  INFO 9040 --- [           main] j.LocalContainerEntityManagerFactoryBean : Initialized JPA EntityManagerFactory for persistence unit 'default'
2023-11-15T10:02:17.569+01:00  WARN 9040 --- [           main] JpaBaseConfiguration$JpaWebConfiguration : spring.jpa.open-in-view is enabled by default. Therefore, database queries may be performed during view rendering. Explicitly configure spring.jpa.open-in-view to disable this warning
2023-11-15T10:02:18.001+01:00  INFO 9040 --- [           main] c.e.H.HillogyLibraryExamApplicationTests : Started HillogyLibraryExamApplicationTests in 4.296 seconds (process running for 5.275)
2023-11-15T10:02:18.171+01:00  INFO 9040 --- [           main] c.e.HILLOGY_library_exam.InitLibrary     : Preloading 
Title: 404 messages under the sea
Author: Confused Coder
ISBN: 9992158107
Available: yes
2023-11-15T10:02:18.176+01:00  INFO 9040 --- [           main] c.e.HILLOGY_library_exam.InitLibrary     : Preloading 
Title: How 2 Springboot
Author: Keyboard Masher
ISBN: 097522980X
Available: yes
2023-11-15T10:02:18.181+01:00  INFO 9040 --- [           main] c.e.HILLOGY_library_exam.InitLibrary     : Preloading 
Title: I really don't know what I'm doing
Author: Keyboard Masher
ISBN: 1843560283
Available: yes
2023-11-15T10:02:18.184+01:00  INFO 9040 --- [           main] c.e.HILLOGY_library_exam.InitLibrary     : Preloading 
Title: Do you know this text?
Author: Mr Confusion
ISBN: 0851310419
Available: yes
2023-11-15T10:02:18.198+01:00  INFO 9040 --- [           main] c.e.HILLOGY_library_exam.InitUsers       : Preloading Id: 1
Name: Bob
This user does not have any checked out books at the moment.

2023-11-15T10:02:18.200+01:00  INFO 9040 --- [           main] c.e.HILLOGY_library_exam.InitUsers       : Preloading Id: 2
Name: Bobbert
This user does not have any checked out books at the moment.

2023-11-15T10:02:18.202+01:00  INFO 9040 --- [           main] c.e.HILLOGY_library_exam.InitUsers       : Preloading Id: 3
Name: Sarah
This user does not have any checked out books at the moment.

]]></system-out>
  </testcase>
</testsuite>